<?xml version="1.0" encoding="UTF-8"?>
<testng-results ignored="0" total="1" passed="1" failed="0" skipped="0">
  <reporter-output>
  </reporter-output>
  <suite started-at="2023-04-03T08:43:48 IST" name="Default suite" finished-at="2023-04-03T08:43:48 IST" duration-ms="38">
    <groups>
    </groups>
    <test started-at="2023-04-03T08:43:48 IST" name="Default test" finished-at="2023-04-03T08:43:48 IST" duration-ms="38">
      <class name="com.kts.test.test">
        <test-method signature="sample()[pri:0, instance:com.kts.test.test@4690b489]" started-at="2023-04-03T08:43:48 IST" name="sample" finished-at="2023-04-03T08:43:48 IST" duration-ms="11" status="PASS">
          <reporter-output>
          </reporter-output>
        </test-method> <!-- sample -->
      </class> <!-- com.kts.test.test -->
    </test> <!-- Default test -->
  </suite> <!-- Default suite -->
</testng-results>
